PLINK v2.0.0-a.6.9LM 64-bit Intel (29 Jan 2025)
Options in effect:
  --make-pgen
  --out /data/work/CIMA_multiomics_regulation/data/processed/genotype/CIMA_raw
  --vcf /data/work/CIMA_multiomics_regulation/data/raw/CIMA/Gene/CIMA_phasing.merged.vcf.gz

Hostname: task-p20z10200n0041-uz4pdcch-6dcd8d6c5-zxlsq
Working directory: /data/work/CIMA_multiomics_regulation/notebooks/01_eda
Start time: Wed Apr 15 14:07:43 2026

Random number seed: 1776233263
385581 MiB RAM detected, ~110854 available; reserving 110790 MiB for main
workspace.
Using up to 96 threads (change this with --threads).
--vcf: 13698278 variants scanned.
--vcf:
/data/work/CIMA_multiomics_regulation/data/processed/genotype/CIMA_raw-temporary.pgen
+
/data/work/CIMA_multiomics_regulation/data/processed/genotype/CIMA_raw-temporary.pvar.zst
+
/data/work/CIMA_multiomics_regulation/data/processed/genotype/CIMA_raw-temporary.psam
written.
443 samples (0 females, 0 males, 443 ambiguous; 443 founders) loaded from
/data/work/CIMA_multiomics_regulation/data/processed/genotype/CIMA_raw-temporary.psam.
13698278 variants loaded from
/data/work/CIMA_multiomics_regulation/data/processed/genotype/CIMA_raw-temporary.pvar.zst.
Note: No phenotype data present.
Writing
/data/work/CIMA_multiomics_regulation/data/processed/genotype/CIMA_raw.psam ...
done.
Writing
/data/work/CIMA_multiomics_regulation/data/processed/genotype/CIMA_raw.pvar ...
done.
Writing
/data/work/CIMA_multiomics_regulation/data/processed/genotype/CIMA_raw.pgen ...
done.

End time: Wed Apr 15 14:08:34 2026
