PLINK v2.0.0-a.6.9LM 64-bit Intel (29 Jan 2025)
Options in effect:
  --chr 1-22
  --geno 0.05
  --hwe 1e-6
  --indep-pairwise 50 5 0.2
  --maf 0.05
  --max-alleles 2
  --out /data/work/CIMA_multiomics_regulation/data/processed/genotype/CIMA_king_prune
  --pfile /data/work/CIMA_multiomics_regulation/data/processed/genotype/CIMA_BGEID_metaMatched
  --snps-only just-acgt

Hostname: task-p20z10200n0041-8vawcqyd-b9dcc4dcc-lzr2r
Working directory: /data/work/CIMA_multiomics_regulation/notebooks/01_eda
Start time: Thu Apr 16 10:28:45 2026

Random number seed: 1776306525
2051949 MiB RAM detected, ~483266 available; reserving 483202 MiB for main
workspace.
Using up to 256 threads (change this with --threads).
443 samples (0 females, 0 males, 443 ambiguous; 443 founders) loaded from
/data/work/CIMA_multiomics_regulation/data/processed/genotype/CIMA_BGEID_metaMatched.psam.
11538206 out of 13698278 variants loaded from
/data/work/CIMA_multiomics_regulation/data/processed/genotype/CIMA_BGEID_metaMatched.pvar.
Note: No phenotype data present.
Calculating allele frequencies... done.
--geno: 0 variants removed due to missing genotype data.
--hwe: 722 variants removed due to Hardy-Weinberg exact test (founders only).
6068065 variants removed due to allele frequency threshold(s)
(--maf/--max-maf/--mac/--max-mac).
5469419 variants remaining after main filters.
--indep-pairwise (13 compute threads): 5155420/5469419 variants removed.
Variant lists written to
/data/work/CIMA_multiomics_regulation/data/processed/genotype/CIMA_king_prune.prune.in
and
/data/work/CIMA_multiomics_regulation/data/processed/genotype/CIMA_king_prune.prune.out
.

End time: Thu Apr 16 10:28:52 2026
