PLINK v2.0.0-a.6.9LM 64-bit Intel (29 Jan 2025)
Options in effect:
  --keep /data/work/CIMA_multiomics_regulation/data/processed/sample_intersection/meta_genotype_common_BGEID.keep
  --make-pgen
  --out /data/work/CIMA_multiomics_regulation/data/processed/genotype/CIMA_BGEID_metaMatched
  --pfile /data/work/CIMA_multiomics_regulation/data/processed/genotype/CIMA_BGEID

Hostname: task-p20z10200n0041-uz4pdcch-6dcd8d6c5-zxlsq
Working directory: /data/work/CIMA_multiomics_regulation/notebooks/01_eda
Start time: Wed Apr 15 14:23:33 2026

Random number seed: 1776234213
385581 MiB RAM detected, ~96884 available; reserving 96820 MiB for main
workspace.
Using up to 96 threads (change this with --threads).
443 samples (0 females, 0 males, 443 ambiguous; 443 founders) loaded from
/data/work/CIMA_multiomics_regulation/data/processed/genotype/CIMA_BGEID.psam.
13698278 variants loaded from
/data/work/CIMA_multiomics_regulation/data/processed/genotype/CIMA_BGEID.pvar.
Note: No phenotype data present.
--keep: 443 samples remaining.
443 samples (0 females, 0 males, 443 ambiguous; 443 founders) remaining after
main filters.
Writing
/data/work/CIMA_multiomics_regulation/data/processed/genotype/CIMA_BGEID_metaMatched.psam
... done.
Writing
/data/work/CIMA_multiomics_regulation/data/processed/genotype/CIMA_BGEID_metaMatched.pvar
... done.
Writing
/data/work/CIMA_multiomics_regulation/data/processed/genotype/CIMA_BGEID_metaMatched.pgen
... done.

End time: Wed Apr 15 14:23:44 2026
