PLINK v2.0.0-a.6.9LM 64-bit Intel (29 Jan 2025)
Options in effect:
  --make-pgen
  --out /mnt/zzbnew/peixunban/zhanghebin/CIMA_multiomics_regulation/data/processed/genotype/CIMA_BGEID
  --pfile /mnt/zzbnew/peixunban/zhanghebin/CIMA_multiomics_regulation/data/processed/genotype/CIMA_raw
  --update-ids /mnt/zzbnew/peixunban/zhanghebin/CIMA_multiomics_regulation/data/processed/genotype/update_ids.tsv

Hostname: iZ1pp01kqmxkrxsegkxkcyZ
Working directory: /mnt/zzbnew/peixunban/zhanghebin/CIMA_multiomics_regulation/notebooks/01_eda
Start time: Mon Apr 20 17:00:42 2026

Random number seed: 1776675642
241108 MiB RAM detected, ~104289 available; reserving 104225 MiB for main
workspace.
Using up to 20 threads (change this with --threads).
443 samples (0 females, 0 males, 443 ambiguous; 443 founders) loaded from
/mnt/zzbnew/peixunban/zhanghebin/CIMA_multiomics_regulation/data/processed/genotype/CIMA_raw.psam.
13698278 variants loaded from
/mnt/zzbnew/peixunban/zhanghebin/CIMA_multiomics_regulation/data/processed/genotype/CIMA_raw.pvar.
Note: No phenotype data present.
--update-ids: 443 samples updated.
Writing
/mnt/zzbnew/peixunban/zhanghebin/CIMA_multiomics_regulation/data/processed/genotype/CIMA_BGEID.psam
... done.
Writing
/mnt/zzbnew/peixunban/zhanghebin/CIMA_multiomics_regulation/data/processed/genotype/CIMA_BGEID.pvar
... done.
Writing
/mnt/zzbnew/peixunban/zhanghebin/CIMA_multiomics_regulation/data/processed/genotype/CIMA_BGEID.pgen
... done.

End time: Mon Apr 20 17:00:53 2026
