PLINK v2.0.0-a.6.9LM 64-bit Intel (29 Jan 2025)
Options in effect:
  --extract /data/work/CIMA_multiomics_regulation/data/processed/genotype/CIMA_pca_prune.prune.in
  --out /data/work/CIMA_multiomics_regulation/data/processed/genotype/CIMA_pca
  --pca 10
  --pfile /data/work/CIMA_multiomics_regulation/data/processed/genotype/CIMA_BGEID_metaMatched

Hostname: task-p20z10200n0041-uz4pdcch-6dcd8d6c5-zxlsq
Working directory: /data/work/CIMA_multiomics_regulation/notebooks/01_eda
Start time: Wed Apr 15 15:12:17 2026

Random number seed: 1776237137
385581 MiB RAM detected, ~67064 available; reserving 67000 MiB for main
workspace.
Using up to 96 threads (change this with --threads).
443 samples (0 females, 0 males, 443 ambiguous; 443 founders) loaded from
/data/work/CIMA_multiomics_regulation/data/processed/genotype/CIMA_BGEID_metaMatched.psam.
13698278 variants loaded from
/data/work/CIMA_multiomics_regulation/data/processed/genotype/CIMA_BGEID_metaMatched.pvar.
Note: No phenotype data present.
--extract: 1194723 variants remaining.
Calculating allele frequencies... done.
1194723 variants remaining after main filters.
Constructing GRM: done.
Extracting eigenvalues and eigenvectors... done.
--pca: Eigenvectors written to
/data/work/CIMA_multiomics_regulation/data/processed/genotype/CIMA_pca.eigenvec
, and eigenvalues written to
/data/work/CIMA_multiomics_regulation/data/processed/genotype/CIMA_pca.eigenval
.

End time: Wed Apr 15 15:13:50 2026
