PLINK v2.0.0-a.6.9LM 64-bit Intel (29 Jan 2025)
Options in effect:
  --chr 1-22
  --geno 0.05
  --hwe 1e-6
  --indep-pairwise 50 5 0.2
  --maf 0.05
  --max-alleles 2
  --out /mnt/zzbnew/peixunban/zhanghebin/CIMA_multiomics_regulation/data/processed/genotype/CIMA_pca_prune
  --pfile /mnt/zzbnew/peixunban/zhanghebin/CIMA_multiomics_regulation/data/processed/genotype/CIMA_BGEID_metaMatched
  --snps-only

Hostname: iZ1pp01kqmxkrxsegkxkcyZ
Working directory: /mnt/zzbnew/peixunban/zhanghebin/CIMA_multiomics_regulation/notebooks/01_eda
Start time: Mon Apr 20 17:01:08 2026

Random number seed: 1776675668
241108 MiB RAM detected, ~104301 available; reserving 104237 MiB for main
workspace.
Using up to 20 threads (change this with --threads).
443 samples (0 females, 0 males, 443 ambiguous; 443 founders) loaded from
/mnt/zzbnew/peixunban/zhanghebin/CIMA_multiomics_regulation/data/processed/genotype/CIMA_BGEID_metaMatched.psam.
11538206 out of 13698278 variants loaded from
/mnt/zzbnew/peixunban/zhanghebin/CIMA_multiomics_regulation/data/processed/genotype/CIMA_BGEID_metaMatched.pvar.
Note: No phenotype data present.
Calculating allele frequencies... done.
--geno: 0 variants removed due to missing genotype data.
--hwe: 722 variants removed due to Hardy-Weinberg exact test (founders only).
6068065 variants removed due to allele frequency threshold(s)
(--maf/--max-maf/--mac/--max-mac).
5469419 variants remaining after main filters.
--indep-pairwise (13 compute threads): 5155420/5469419 variants removed.
Variant lists written to
/mnt/zzbnew/peixunban/zhanghebin/CIMA_multiomics_regulation/data/processed/genotype/CIMA_pca_prune.prune.in
and
/mnt/zzbnew/peixunban/zhanghebin/CIMA_multiomics_regulation/data/processed/genotype/CIMA_pca_prune.prune.out
.

End time: Mon Apr 20 17:01:14 2026
